File not found: corpus/conlab_abaza/rus_parsed_abaza.txt
Processing corpus/conlab_abaza/eaf/Pro_jazyk_AsanaevaFM_09072017.eaf...
Wrong gloss or partitioning: зджьАра != где-то
Wrong gloss or partitioning: Ачвымла != def-лестница
Wrong gloss or partitioning: гӏа-н-хА-тӏ != оставаться-dcl
Wrong gloss or partitioning: й-гӏа-н-хА-з != rel.abs-оставаться-pst
Wrong gloss or partitioning: й-тЫ-цӏ-ква-з != rel.abs-пройти-pl-pst
Processing corpus/conlab_abaza/eaf/2018.07.16_BidzhevaTA_1932_retsept.eaf...
Wrong gloss or partitioning: квтӏАгъьгӏважва != яйцо-два-десять
Wrong gloss or partitioning: гӏатурЫчӏвитӏта != csl-loc-2m.erg-caus-литься-prs-dcl-adv
Wrong gloss or partitioning: йуымрЫбагъьауата != 3n.abs-2m.erg-neg-укреплять-ipf-adv
Wrong gloss or partitioning: дЫната != filler-adv
Wrong gloss or partitioning: йчпАта != 3n.abs-делать-adv
Wrong gloss or partitioning: йутахъЫзтын != 3n.abs-2m.erg-хотеть-cond.real
Wrong gloss or partitioning: чӏврЫта != длинный-adv
Wrong gloss or partitioning: цӏАгӏвта != тонкий-adv
Wrong gloss or partitioning: гӏвмАчвакӏ != два-палец-unit
Wrong gloss or partitioning: зквшвауАла != rel-loc-поместиться-ipf-ins
Wrong gloss or partitioning: йрЫгӏв != 3n.abs-раскатать(imp)
Wrong gloss or partitioning: гӏАхв != [3n.abs]-взять(imp)
Wrong gloss or partitioning: акастрЮль != def-кастрюля
Wrong gloss or partitioning: цӏолАта != глубокий-adv
Wrong gloss or partitioning: тачвАта != налить(imp?)-adv
Wrong gloss or partitioning: йтаргЫлта != 3n.abs-ставить(imp?)-adv
Wrong gloss or partitioning: тшАкӏвнахуа != rfl.abs-?-ipf
Wrong gloss or partitioning: тшАкӏвнахуамца != rfl.abs-?-ipf-cvb
Wrong gloss or partitioning: йдУта != 3n.abs-большой-adv
Wrong gloss or partitioning: йбАбадза != ?-пышный-ass
Wrong gloss or partitioning: йцИтӏ != 3n.abs-идти-prs-dcl
Wrong gloss or partitioning: зымгӏвагьИ != все-add
Processing corpus/conlab_abaza/eaf/Na_vojne(4)_SanashokovaCKh_13072017.eaf...
Wrong gloss or partitioning: а-тумАн != def-10_ рублей
Wrong gloss or partitioning: сы-р-хӏвА-х-стӏ != 1sg.io-caus-сказать-re-imp-ptcl
Wrong gloss or partitioning: атумАн != def-10.рублей
Wrong gloss or partitioning: Айсра != def-война
Wrong gloss or partitioning: апнЫ != 3n.io-к
Wrong gloss or partitioning: а-тумАн != def-10_ рублей
Wrong gloss or partitioning: а-тумАн != def-10_ рублей
Processing corpus/conlab_abaza/eaf/DzhuzhuevKM_20180719_Isanbaev_indejcy.eaf...
Wrong gloss or partitioning: гь-йЫ-м-фу-з-д != neg.emp-3m.erg-neg-есть-ipf-pst.nfin-dcl
Wrong gloss or partitioning: бзИта != хороший-adv
Wrong gloss or partitioning: зычпУз != rel.erg-делать-ipf-pst.nfin
Wrong gloss or partitioning: жвмельуАнкӏла != девять-миллион-unit-ins
Wrong gloss or partitioning: сфурАшка != 1sg.io-фуражка
Wrong gloss or partitioning: йЫстын != 3m.io-1sg.erg-давать-pst
Wrong gloss or partitioning: схъЫлпа != 1sg.io-шапка
Wrong gloss or partitioning: йсрЫхвгӏад != 3m.io-1sg.erg-caus-покупать-dcl
Wrong gloss or partitioning: йхӏвад != 3sg.erg-говорить-dcl
Wrong gloss or partitioning: зы-чп-У-з != rel.erg-делать-ipf-pst.nfin rel.abs-3n.io-ben-плохой-pst.nfin
Wrong gloss or partitioning: й-а-з-гЫмха-з != 1pl.io-государство
Wrong gloss or partitioning: хӏ-къраль != rel.abs-3n.io-ben-плохой-pst
Wrong gloss or partitioning: йа-з-гЫмха-з != 3sg.erg-говорить-dcl
Wrong gloss or partitioning: й-хӏва-д != десять-lnk-один-миллион-unit
Wrong gloss or partitioning: жв-И-з-мельуан-кӏ != доллар-ins
Wrong gloss or partitioning: дoллар-ла != 3n.abs-csl-1sg.io-3m.erg-давать-ipf-pst
Wrong gloss or partitioning: й-гь-йЫ-сы-м-ц-т != 3m.erg-говорить-dcl
Wrong gloss or partitioning: й-хӏвад != 3m.erg-говорить-dcl
Wrong gloss or partitioning: й-гӏа-д-рАха-н != 3pl.abs-csl-3pl.erg-caus-поворачивать-pst
Wrong gloss or partitioning: й-гӏа-щтӏА-л-д != 3pl.abs-csl-ложиться-dcl
Wrong gloss or partitioning: анйхӏвА != rel.tmp-3m.erg-говорить
Wrong gloss or partitioning: йхӏвад != 3n.abs+3m.erg-говорить-dcl
Wrong gloss or partitioning: схъахъвЫ != 1sg.io-волосы
Wrong gloss or partitioning: гӏагЫлд != csl-вставать-dcl
Wrong gloss or partitioning: сгӏагЫлд != 1sg.abs-csl-вставать-dcl
Wrong gloss or partitioning: йхӏвад != 3n.abs+3m.erg-говорить-dcl
Wrong gloss or partitioning: сипшЫн != 1sg.abs-3m.io-смотреть-pst
Wrong gloss or partitioning: йджьасщачвАн != 3n.abs-?-1sg.?-удивлять-exc-pst
Wrong gloss or partitioning: с-ан-гӏа-кӏны-р-цӏА-д != 1sg.abs-rel.tmp-csl-loc-loc-3pl.erg-бросать-dcl
Wrong gloss or partitioning: с-рЫ-лал-д != 1sg.abs-3pl.io-loc?-входить-dcl
Wrong gloss or partitioning: абарА-са != prox.adv
Wrong gloss or partitioning: гӏа-сА-й-хӏв-д != csl-1sg.io-3sg.erg-3sg.erg-говорить-dcl
Wrong gloss or partitioning: уА-дзхъа-гыла-мы-зтын != 2m.abs-3n.io-loc-стоять-neg-cond.real
Processing corpus/conlab_abaza/eaf/Svatovstvo2_SanashokovaCKh_13072017.eaf...
Processing corpus/conlab_abaza/eaf/Osnovanie_aula_AjsanovZDz_13072017.eaf...
Wrong gloss or partitioning: мхӏаматгьарИ != Мухамат-Гирей
Wrong gloss or partitioning: мхӏаматгьарИ != Мухамат-Гирей
Wrong gloss or partitioning: гвымлОкт != 3m.io-брат-indf
Wrong gloss or partitioning: й-аща-кӏ != Кубиналокт
Wrong gloss or partitioning: къвбиналОкт != 3m.io-два-inc-ipf
Wrong gloss or partitioning: й-гӏвЫджь-ха-уа != 3m.io-брат
Wrong gloss or partitioning: ИнджьыгьлОкт-гьи != 3m.io-три-inc-ipf
Wrong gloss or partitioning: й-хЫгӏв-ха-уа != 3m.io-брат
Processing corpus/conlab_abaza/eaf/DzhuzhuevKM_20180719_Isanbaev_pesnja.eaf...
Wrong gloss or partitioning: уы-з-гӏвЫ-м-схы-з != 2m.abs-loc-neg-проходить-pst.nfin
Wrong gloss or partitioning: й-гӏА-д-гӏвыл-уа-та != около?
Wrong gloss or partitioning: з-ны-кӏгӏвА-н-кӏ != один-раз-unit=два-раз-unit
Wrong gloss or partitioning: йачвЫхъара-м-кӏва != 3n.abs-3n.io-loc-далекий-neg-cvb.neg
Wrong gloss or partitioning: гӏа-кӏашвА-н != csl-loc-падать-pst
Wrong gloss or partitioning: й-гӏа-кӏЫлсы-н != 3n.abs-csl-loc-ins-лезть-pst
Wrong gloss or partitioning: закӏЫзакӏ != один-clr=distr
Wrong gloss or partitioning: уангӏвОузара != 2m.abs-rel.tmp-глашатай-rsn
Wrong gloss or partitioning: уангвыбзыгъадзАзара != 2m.abs-rel.tmp-умный-ass-rsn
Wrong gloss or partitioning: абаза-бызшвАла != абазин-язык-ins
Wrong gloss or partitioning: уарАдкӏ != песня-indf
Wrong gloss or partitioning: схӏвид != 1sg.erg-говорить-prs-dcl
Wrong gloss or partitioning: й-схӏв-и-д != 3n.abs-1sg.erg-говорить-prs-dcl
Wrong gloss or partitioning: ауи != 3n.abs+3m.erg-говорить-prs-dcl
Wrong gloss or partitioning: й-хӏва-д != 3m.erg-говорить-prs-dcl
Wrong gloss or partitioning: а-пхъА-ла != 3n.io+?перед-ins
Processing corpus/conlab_abaza/eaf/O_rabote_OzovaSM_09072017.eaf...
Wrong gloss or partitioning: Апхьарта != [3n.io?]школа
Wrong gloss or partitioning: директоршкóл-ква != директор=школа-pl
Wrong gloss or partitioning: хвАбыж-та != сильно
Wrong gloss or partitioning: йгьи != 2m.abs-есть-npst.dcl
Wrong gloss or partitioning: у-ча-пӏ != add
Wrong gloss or partitioning: сугӏ-и != 1sg.io-люди-add
Processing corpus/conlab_abaza/eaf/2018.07.16_BidzhevaTA_1932_pro_aul_pro_nravy.eaf...
Wrong gloss or partitioning: лйа_иль-льАхӏа_иль-льАхӏ-хӏва != Аллах_един_и_нет_Бога_кроме_Аллаха-говорить(imp)
Wrong gloss or partitioning: закӏ != что-то
Wrong gloss or partitioning: хӏАджьра-гьи != рЫцӏа
Wrong gloss or partitioning: у-цА != й-глАвн-у
Wrong gloss or partitioning: йглАвну != 3n.abs-главный-ipf
Wrong gloss or partitioning: тажв-мАжв-ква != старушка~red-pl
Wrong gloss or partitioning: агАта-гьи != по-разному-add
Wrong gloss or partitioning: с-бзАб-гьи != 1sg.abs-хороший-npst-add
Wrong gloss or partitioning: за-[у-]уА-ш != rel.io-найти+ipf-fut
Processing corpus/conlab_abaza/eaf/DzhuzhuevKM_20180718_Svadba_v_Dagestane.eaf...
Wrong gloss or partitioning: сгОрецызтӏхӏва != 1sg.abs-горец-cnc
Wrong gloss or partitioning: хӏпны != 1pl.io-возле
Wrong gloss or partitioning: ауЕпш != dist-похожий
Wrong gloss or partitioning: гьаъАм != neg.emp-быть-neg
Wrong gloss or partitioning: схӏватӏ != 1sg.erg-сказал-dcl
Wrong gloss or partitioning: шйАсхӏваз != rel.mnr-3m.io-dat-1sg.erg-сказать-pst.nfin
Wrong gloss or partitioning: тажвкӏ != старуха-indf
Wrong gloss or partitioning: сабИгьи != ребёнок-add
Wrong gloss or partitioning: лЫбгъа != 3f.io-спина
Wrong gloss or partitioning: дкӏыдчӏвАлата != 3h.abs-loc-сидеть-lat-adv
Wrong gloss or partitioning: дгӏАйын != 3h.abs-csl-идти-pst
Wrong gloss or partitioning: алабА != def-палка-шест
Wrong gloss or partitioning: чӏвры != csl-3f.erg-взять-pst
Wrong gloss or partitioning: гӏалАхвын != def-filler
Wrong gloss or partitioning: Аркъан != 3h.abs-loc-перейти-pst
Wrong gloss or partitioning: дхъЫсын != def-палка-add
Wrong gloss or partitioning: алабагьИ != loc-3f.erg-caus-падать-pst
Wrong gloss or partitioning: кӏалрЫшвын != 3h.abs-loc-loc.elat-войти-re-dcl
Wrong gloss or partitioning: гӏа-с-А-й-хӏв-и-тӏ != csl-1sg.io-dat-3sg.erg-сказать-dcl
Wrong gloss or partitioning: ауАхь-ауы́-ла != dist.?–dist-ins
Wrong gloss or partitioning: х-кӏилoмéтыр-кӏ-и-бжа-кӏ-и != три-километр-unit-add–половина-unit-add
Wrong gloss or partitioning: рыцсхӏвауА != 3pl.io-com-1sg.erg-говорить-ipf
Wrong gloss or partitioning: сыздзыргӏвуА != 1sg.io-ben-слушать-ipf
Wrong gloss or partitioning: даргьИ != они-add
Wrong gloss or partitioning: си != я-add
Wrong gloss or partitioning: сыздзыргӏвуАмца != 1sg.io-ben-слушать-ipf-cvb
Wrong gloss or partitioning: ауАсамца != dist.adv-cvb
Wrong gloss or partitioning: ауЕпӏ != dist-dcl
Wrong gloss or partitioning: гӏважвАкӏ != двадцать-unit
Wrong gloss or partitioning: жвАгӏкӏ != восемнадцать-unit
Wrong gloss or partitioning: гӏважвАкӏ != двадцать-unit
Wrong gloss or partitioning: аърагьИ != столько-add
Wrong gloss or partitioning: сАгӏвнагатӏ != 1sg.abs-3n.io-loc-прйти-dcl
Wrong gloss or partitioning: съагӏашӏАсра != 1sg.abs-rel.loc-csl-бить-msd
Wrong gloss or partitioning: атахъхАз != 3n.io-надо-inc-pst.nfin
Wrong gloss or partitioning: йсымдЫруата != 3n.abs-1sg.erg-neg-знать-ipf-adv
Wrong gloss or partitioning: йы-р-зЫ-р-ш-и-тӏ != 3n.abs-3pl.io-ben-3pl.erg-делить-dcl
Processing corpus/conlab_abaza/eaf/O_kolxoze2_SanashokovaCKh_13072017.eaf...
Processing corpus/conlab_abaza/eaf/2018.07.16_BidzhevaTA_1932_igry_bakhsyme.eaf...
Wrong gloss or partitioning: й-кӏна-хӏА-н != 3n.abs-висеть-dcl
Wrong gloss or partitioning: датша-гьИ != другой
Wrong gloss or partitioning: абахсЫма != def-бахсымэ
Wrong gloss or partitioning: апнЫ != 3sg.io-в
Wrong gloss or partitioning: альакъвым-и != def-лепёшка-coord
Wrong gloss or partitioning: й-гь-гӏа-сы-ры-м-т-х-тӏ != 3n.abs-neg.emp-csl-1sg.io-3pl.erg-neg-давать-dcl
Wrong gloss or partitioning: хъвымгарАхӏва != Приворот=сказать
Processing corpus/conlab_abaza/eaf/2018.07.16_BidzhevaTA_1932_khantsiguashe.eaf...
Wrong gloss or partitioning: бАжвта != богатый-adv
Processing corpus/conlab_abaza/eaf/2018.07.16_BidzhevaTA_1932_skot_asfalt.eaf...
Wrong gloss or partitioning: й-тА-хӏ-щты-з != rel.abs-loc.elat-отпускать-pst.nfin
Wrong gloss or partitioning: дарА-дарА != самостоятельно
Wrong gloss or partitioning: й-гӏа-хъЫн != 3pl.abs-csl-тянуть-pst
Wrong gloss or partitioning: а-сфАльт != асфальт
Wrong gloss or partitioning: й-ккӏа-уА != 3n.abs-rel.abs-светиться-ipf
Wrong gloss or partitioning: у-жвы-гьи != сейчас.add
Processing corpus/conlab_abaza/eaf/O_muzhe_SanashokovaCKh_13072017.eaf...
Processing corpus/conlab_abaza/eaf/O_sebe_SanashokovaCKh_13072017.eaf...
Wrong gloss or partitioning: с-а-з-рЫ-пхь-у-шы-з != 1sg.abs-rel.erg-caus-читать-ipf-fut-pst.nfin
Wrong gloss or partitioning: ды-гь-сЫ-ма-хы-мы-з-тӏ != 3h.abs-neg-1sg.io-имется-re-neg-dcl
Wrong gloss or partitioning: Архъа != def-поле
Wrong gloss or partitioning: ауасАмцара != таким=образом
Processing corpus/conlab_abaza/eaf/Letom_UshaOSh_13072017.eaf...
Wrong gloss or partitioning: кӏарА != что-то
Wrong gloss or partitioning: й-ауАштӏ != 3n.abs-можно-dcl
Wrong gloss or partitioning: й-гӏа-хӏ-Ахвы-н != 3n.abs-csl-1pl.erg-dat-брать-pst
Wrong gloss or partitioning: Аджв != кто-то
Processing corpus/conlab_abaza/eaf/O_kolxoze3_SanashokovaCKh_13072017.eaf...
Processing corpus/conlab_abaza/eaf/V_detstve_AjsanovZDz_11072017.eaf...
Wrong gloss or partitioning: хӏ-гӏа-джвы-л-и-ца-тӏ != 1pl.abs-csl-loc-loc.elat-гнать-dcl
Wrong gloss or partitioning: а-ъа-гӏа-т-д-ры-швт-уа-з != -rel.loc-csl-loc.elat-3pl.erg-caus-падать-ipf-pst.nfin
Wrong gloss or partitioning: арахь-ари != rdp~prox
Processing corpus/conlab_abaza/eaf/O_kolxoze1_SanashokovaCKh_13072017.eaf...
Wrong gloss or partitioning: хӏ-гӏа-н-ха-н != 1pl.abs-csl-оставаться-pst
Wrong gloss or partitioning: хӏ-гӏа-н-ха-н != 1pl.abs-csl-оставаться-pst
Processing corpus/conlab_abaza/eaf/O_dvojke_DzhuzhuevKM_09072017.eaf...
Wrong gloss or partitioning: й-гӏа-ры-л-цӏ-ла != ?-csl-?-выходить-ins
Wrong gloss or partitioning: хӏ-н-апхь-у-з != 1pl.abs-rel.temp-3n.io-читать-ipf-pst
Processing corpus/conlab_abaza/eaf/Repka_AjsanovaFB_11072017.eaf...
Wrong gloss or partitioning: д-Ахъы-н != 3h.abs-3n.io-тянуть-pst
Wrong gloss or partitioning: й-ъ-А-хъы-н != 3h.abs-3n.io-тянуть-pst
Processing corpus/conlab_abaza/eaf/Deti_v_pole_SanashokovaCKh_13072017.eaf...
Wrong gloss or partitioning: а-пхӏвЫс-ква != def-женщин
Wrong gloss or partitioning: й-гӏа-тАл-х-д != 3pl.abs-dat-csl-спускаться-re-dcl
Wrong gloss or partitioning: д-чӏвЫ-уа != 3h.abs-плакать
Wrong gloss or partitioning: закӏЫ != что-либо
Processing corpus/conlab_abaza/eaf/Zloj_brigadir_SanashokovaCKh_13072017.eaf...
Processing corpus/conlab_abaza/eaf/Professija_AjsanovaFB_11072017.eaf...
Wrong gloss or partitioning: хIвА != 3n.abs-csl-1sg.io-dat-3m.erg-говорить-hab-ipf-pst
